c:\projects\dipsie\carvalheira\wegiot2azuresolution [20190820 20h30]\wegiot2azuresolution\windows\win32\release\vc141.pdb
c:\projects\dipsie\carvalheira\wegiot2azuresolution [20190820 20h30]\wegiot2azuresolution\windows\win32\release\wegiot2azuresolution.obj
c:\projects\dipsie\carvalheira\wegiot2azuresolution [20190820 20h30]\wegiot2azuresolution\windows\win32\release\certs.obj
c:\projects\dipsie\carvalheira\wegiot2azuresolution [20190820 20h30]\wegiot2azuresolution\windows\win32\release\wegiot2azuresolution.exe
c:\projects\dipsie\carvalheira\wegiot2azuresolution [20190820 20h30]\wegiot2azuresolution\windows\win32\release\wegiot2azuresolution.pdb
c:\projects\dipsie\carvalheira\wegiot2azuresolution [20190820 20h30]\wegiot2azuresolution\windows\win32\release\wegiot2azuresolution.ipdb
c:\projects\dipsie\carvalheira\wegiot2azuresolution [20190820 20h30]\wegiot2azuresolution\windows\win32\release\wegiot2azuresolution.iobj
c:\projects\dipsie\carvalheira\wegiot2azuresolution [20190820 20h30]\wegiot2azuresolution\windows\win32\release\vcpkg.applocal.log
c:\users\administrador\desktop\iotedge-carvalheira\wegiot2azuresolution\windows\win32\release\certs.obj
c:\users\administrador\desktop\iotedge-carvalheira\wegiot2azuresolution\windows\win32\release\wegiot2azuresolution.obj
c:\users\administrador\desktop\iotedge-carvalheira\wegiot2azuresolution\windows\win32\release\wegiot2azuresolution.ipdb
c:\users\administrador\desktop\iotedge-carvalheira\wegiot2azuresolution\windows\win32\release\wegiot2azuresolution.iobj
c:\users\administrador\desktop\iotedge-carvalheira\wegiot2azuresolution\windows\win32\release\vc141.pdb
c:\users\administrador\desktop\iotedge-carvalheira\wegiot2azuresolution\windows\win32\release\wegiot2azuresolution.pdb
c:\users\administrador\desktop\iotedge-carvalheira\wegiot2azuresolution\windows\win32\release\wegiot2azuresolution.exe
c:\users\administrador\desktop\iotedge-carvalheira\wegiot2azuresolution\windows\win32\release\wegiot2a.3a45a99c.tlog\cl.command.1.tlog
c:\users\administrador\desktop\iotedge-carvalheira\wegiot2azuresolution\windows\win32\release\wegiot2a.3a45a99c.tlog\cl.read.1.tlog
c:\users\administrador\desktop\iotedge-carvalheira\wegiot2azuresolution\windows\win32\release\wegiot2a.3a45a99c.tlog\cl.write.1.tlog
c:\users\administrador\desktop\iotedge-carvalheira\wegiot2azuresolution\windows\win32\release\wegiot2a.3a45a99c.tlog\link.command.1.tlog
c:\users\administrador\desktop\iotedge-carvalheira\wegiot2azuresolution\windows\win32\release\wegiot2a.3a45a99c.tlog\link.read.1.tlog
c:\users\administrador\desktop\iotedge-carvalheira\wegiot2azuresolution\windows\win32\release\wegiot2a.3a45a99c.tlog\link.write.1.tlog
c:\users\administrador\desktop\iotedge-carvalheira\wegiot2azuresolution\windows\win32\release\wegiot2a.3a45a99c.tlog\wegiot2azuresolution.write.1u.tlog
